android_package/Sincerity_Industry_Platform/proguard/seeds.txt
android.support.v4.widget.DrawerLayout$SavedState
android.support.v4.widget.DrawerLayout$SavedState: android.os.Parcelable$Creator CREATOR
android.support.v4.widget.SlidingPaneLayout: void setParallaxDistance(int)
android.support.v4.widget.SlidingPaneLayout: int getParallaxDistance()
android.support.v4.widget.SlidingPaneLayout: void setSliderFadeColor(int)
android.support.v4.widget.SlidingPaneLayout: int getSliderFadeColor()
android.support.v4.widget.SlidingPaneLayout: void setCoveredFadeColor(int)
android.support.v4.widget.SlidingPaneLayout: int getCoveredFadeColor()
android.support.v4.widget.SlidingPaneLayout: void setPanelSlideListener(android.support.v4.widget.SlidingPaneLayout$PanelSlideListener)
android.support.v4.widget.SlidingPaneLayout: void setShadowDrawable(android.graphics.drawable.Drawable)
android.support.v4.widget.SlidingPaneLayout: void setShadowResource(int)
android.support.v4.widget.SlidingPaneLayout$SavedState
android.support.v4.widget.SlidingPaneLayout$SavedState: android.os.Parcelable$Creator CREATOR
cn.cxzg.zxing.decoding.CaptureActivityHandler$State: cn.cxzg.zxing.decoding.CaptureActivityHandler$State[] values()
cn.cxzg.zxing.decoding.CaptureActivityHandler$State: cn.cxzg.zxing.decoding.CaptureActivityHandler$State valueOf(java.lang.String)
com.alipay.android.app.IAlixPay
com.alipay.android.app.IAlixPay: java.lang.String Pay(java.lang.String)
com.alipay.android.app.IAlixPay: java.lang.String test()
com.alipay.android.app.IAlixPay: void registerCallback(com.alipay.android.app.IRemoteServiceCallback)
com.alipay.android.app.IAlixPay: void unregisterCallback(com.alipay.android.app.IRemoteServiceCallback)
com.alipay.android.app.IAlixPay: java.lang.String prePay(java.lang.String)
com.alipay.android.app.IAlixPay$Stub
com.alipay.android.app.IAlixPay$Stub: java.lang.String DESCRIPTOR
com.alipay.android.app.IAlixPay$Stub: int TRANSACTION_Pay
com.alipay.android.app.IAlixPay$Stub: int TRANSACTION_test
com.alipay.android.app.IAlixPay$Stub: int TRANSACTION_registerCallback
com.alipay.android.app.IAlixPay$Stub: int TRANSACTION_unregisterCallback
com.alipay.android.app.IAlixPay$Stub: int TRANSACTION_prePay
com.alipay.android.app.IAlixPay$Stub: IAlixPay$Stub()
com.alipay.android.app.IAlixPay$Stub: com.alipay.android.app.IAlixPay asInterface(android.os.IBinder)
com.alipay.android.app.IAlixPay$Stub: android.os.IBinder asBinder()
com.alipay.android.app.IAlixPay$Stub: boolean onTransact(int,android.os.Parcel,android.os.Parcel,int)
com.alipay.android.app.IRemoteServiceCallback
com.alipay.android.app.IRemoteServiceCallback: void startActivity(java.lang.String,java.lang.String,int,android.os.Bundle)
com.alipay.android.app.IRemoteServiceCallback: void payEnd(boolean,java.lang.String)
com.alipay.android.app.IRemoteServiceCallback: boolean isHideLoadingScreen()
com.alipay.android.app.IRemoteServiceCallback$Stub
com.alipay.android.app.IRemoteServiceCallback$Stub: java.lang.String DESCRIPTOR
com.alipay.android.app.IRemoteServiceCallback$Stub: int TRANSACTION_startActivity
com.alipay.android.app.IRemoteServiceCallback$Stub: int TRANSACTION_payEnd
com.alipay.android.app.IRemoteServiceCallback$Stub: int TRANSACTION_isHideLoadingScreen
com.alipay.android.app.IRemoteServiceCallback$Stub: IRemoteServiceCallback$Stub()
com.alipay.android.app.IRemoteServiceCallback$Stub: com.alipay.android.app.IRemoteServiceCallback asInterface(android.os.IBinder)
com.alipay.android.app.IRemoteServiceCallback$Stub: android.os.IBinder asBinder()
com.alipay.android.app.IRemoteServiceCallback$Stub: boolean onTransact(int,android.os.Parcel,android.os.Parcel,int)
com.alipay.mobilesecuritysdk.MainHandler
com.alipay.mobilesecuritysdk.constant.ConfigNameEnum: com.alipay.mobilesecuritysdk.constant.ConfigNameEnum[] values()
com.alipay.mobilesecuritysdk.constant.ConfigNameEnum: com.alipay.mobilesecuritysdk.constant.ConfigNameEnum valueOf(java.lang.String)