android_package/Sincerity_Industry_Platform/proguard/usage.txt
android.support.v4.view.ViewCompat:
    public static final int OVER_SCROLL_ALWAYS
    public static final int OVER_SCROLL_IF_CONTENT_SCROLLS
    public static final int OVER_SCROLL_NEVER
    private static final long FAKE_FRAME_TIME
    public static final int IMPORTANT_FOR_ACCESSIBILITY_AUTO
    public static final int IMPORTANT_FOR_ACCESSIBILITY_YES
    public static final int IMPORTANT_FOR_ACCESSIBILITY_NO
    public static final int IMPORTANT_FOR_ACCESSIBILITY_NO_HIDE_DESCENDANTS
    public static final int ACCESSIBILITY_LIVE_REGION_NONE
    public static final int ACCESSIBILITY_LIVE_REGION_POLITE
    public static final int ACCESSIBILITY_LIVE_REGION_ASSERTIVE
    public static final int LAYER_TYPE_NONE
    public static final int LAYER_TYPE_SOFTWARE
    public static final int LAYER_TYPE_HARDWARE
    public static final int LAYOUT_DIRECTION_LTR
    public static final int LAYOUT_DIRECTION_RTL
    public static final int LAYOUT_DIRECTION_INHERIT
    public static final int LAYOUT_DIRECTION_LOCALE
    public static final int MEASURED_SIZE_MASK
    public static final int MEASURED_STATE_MASK
    public static final int MEASURED_HEIGHT_STATE_SHIFT
    public static final int MEASURED_STATE_TOO_SMALL
    34:534:public ViewCompat()
    585:585:public static boolean canScrollVertically(android.view.View,int)
    614:615:public static void setOverScrollMode(android.view.View,int)
android.support.v4.view.ViewCompat$BaseViewCompatImpl:
    239:239:public boolean canScrollVertically(android.view.View,int)
    246:246:public void setOverScrollMode(android.view.View,int)
    252:252:public void onPopulateAccessibilityEvent(android.view.View,android.view.accessibility.AccessibilityEvent)
    255:255:public void onInitializeAccessibilityEvent(android.view.View,android.view.accessibility.AccessibilityEvent)
    258:258:public void onInitializeAccessibilityNodeInfo(android.view.View,android.support.v4.view.accessibility.AccessibilityNodeInfoCompat)
    261:261:public boolean hasTransientState(android.view.View)
    265:265:public void setHasTransientState(android.view.View,boolean)
    276:277:public void postOnAnimationDelayed(android.view.View,java.lang.Runnable,long)
    288:288:public boolean performAccessibilityAction(android.view.View,int,android.os.Bundle)
    291:291:public android.support.v4.view.accessibility.AccessibilityNodeProviderCompat getAccessibilityNodeProvider(android.view.View)
    294:294:public float getAlpha(android.view.View)
    303:303:public int getLabelFor(android.view.View)
    307:307:public void setLabelFor(android.view.View,int)
    320:320:public void setLayoutDirection(android.view.View,int)
    324:324:public android.view.ViewParent getParentForAccessibility(android.view.View)
    337:337:public int resolveSizeAndState(int,int,int)
    342:342:public int getMeasuredWidthAndState(android.view.View)
android.support.v4.view.ViewCompat$GBViewCompatImpl:
    380:381:public void setOverScrollMode(android.view.View,int)
android.support.v4.view.ViewCompat$HCViewCompatImpl:
    391:391:public float getAlpha(android.view.View)
    411:411:public int resolveSizeAndState(int,int,int)
    415:415:public int getMeasuredWidthAndState(android.view.View)
    419:419:public int getMeasuredHeightAndState(android.view.View)
    423:423:public int getMeasuredState(android.view.View)
android.support.v4.view.ViewCompat$ICSViewCompatImpl:
    434:434:public boolean canScrollVertically(android.view.View,int)
    438:439:public void onPopulateAccessibilityEvent(android.view.View,android.view.accessibility.AccessibilityEvent)
    442:443:public void onInitializeAccessibilityEvent(android.view.View,android.view.accessibility.AccessibilityEvent)
    446:447:public void onInitializeAccessibilityNodeInfo(android.view.View,android.support.v4.view.accessibility.AccessibilityNodeInfoCompat)